<?xml version="1.0" encoding="UTF-8"?>
<testng-results ignored="0" total="1" passed="1" failed="0" skipped="0">
  <reporter-output>
  </reporter-output>
  <suite started-at="2025-06-20T17:13:31 IST" name="Default suite" finished-at="2025-06-20T17:13:31 IST" duration-ms="51">
    <groups>
    </groups>
    <test started-at="2025-06-20T17:13:31 IST" name="Default test" finished-at="2025-06-20T17:13:31 IST" duration-ms="51">
      <class name="selenium2k25.AreaOfCircleeTestNG">
        <test-method signature="testAreaOfCircle()[pri:0, instance:selenium2k25.AreaOfCircleeTestNG@1d296da]" started-at="2025-06-20T17:13:31 IST" name="testAreaOfCircle" finished-at="2025-06-20T17:13:31 IST" duration-ms="10" status="PASS">
          <reporter-output>
          </reporter-output>
        </test-method> <!-- testAreaOfCircle -->
      </class> <!-- selenium2k25.AreaOfCircleeTestNG -->
    </test> <!-- Default test -->
  </suite> <!-- Default suite -->
</testng-results>
